<?xml version="1.0" encoding="UTF-8"?>
<testng-results skipped="0" failed="0" ignored="0" total="1" passed="1">
  <reporter-output>
  </reporter-output>
  <suite name="Suite" duration-ms="125672" started-at="2019-03-10T12:37:16Z" finished-at="2019-03-10T12:39:22Z">
    <groups>
    </groups>
    <test name="Test" duration-ms="125672" started-at="2019-03-10T12:37:16Z" finished-at="2019-03-10T12:39:22Z">
      <class name="com.tests.LaunchBrowserer">
        <test-method status="PASS" signature="launchbrowser()[pri:0, instance:com.tests.LaunchBrowserer@1fbc7afb]" name="launchbrowser" duration-ms="124945" started-at="2019-03-10T12:37:16Z" finished-at="2019-03-10T12:39:21Z">
          <reporter-output>
          </reporter-output>
        </test-method> <!-- launchbrowser -->
      </class> <!-- com.tests.LaunchBrowserer -->
    </test> <!-- Test -->
  </suite> <!-- Suite -->
</testng-results>
