<?xml version="1.0" encoding="UTF-8"?>
<testng-results skipped="0" failed="0" ignored="0" total="1" passed="1">
  <reporter-output>
  </reporter-output>
  <suite name="Suite" duration-ms="235859" started-at="2018-10-28T10:13:02Z" finished-at="2018-10-28T10:16:57Z">
    <groups>
    </groups>
    <test name="Test" duration-ms="235859" started-at="2018-10-28T10:13:02Z" finished-at="2018-10-28T10:16:57Z">
      <class name="com.tests.LaunchBrowserer">
        <test-method status="PASS" signature="launchbrowser()[pri:0, instance:com.tests.LaunchBrowserer@71c7db30]" name="launchbrowser" duration-ms="235485" started-at="2018-10-28T10:13:02Z" finished-at="2018-10-28T10:16:57Z">
          <reporter-output>
          </reporter-output>
        </test-method> <!-- launchbrowser -->
      </class> <!-- com.tests.LaunchBrowserer -->
    </test> <!-- Test -->
  </suite> <!-- Suite -->
</testng-results>
