<?xml version="1.0" encoding="UTF-8"?>
<testng-results skipped="0" failed="0" ignored="0" total="1" passed="1">
  <reporter-output>
  </reporter-output>
  <suite name="Suite" duration-ms="51" started-at="2018-10-28T07:06:08Z" finished-at="2018-10-28T07:06:08Z">
    <groups>
    </groups>
    <test name="Test" duration-ms="51" started-at="2018-10-28T07:06:08Z" finished-at="2018-10-28T07:06:08Z">
      <class name="com.tests.DemoTest1">
        <test-method status="PASS" signature="sum()[pri:0, instance:com.tests.DemoTest1@39aeed2f]" name="sum" duration-ms="14" started-at="2018-10-28T07:06:08Z" finished-at="2018-10-28T07:06:08Z">
          <reporter-output>
          </reporter-output>
        </test-method> <!-- sum -->
      </class> <!-- com.tests.DemoTest1 -->
    </test> <!-- Test -->
  </suite> <!-- Suite -->
</testng-results>
